<?xml version="1.0" encoding="UTF-8" ?>
<testsuite tests="4" failures="0" name="com.codenotfound.jms.ptp.ConsumerTest" time="2.154" errors="0" skipped="0">
  <properties>
    <property name="java.runtime.name" value="Java(TM) SE Runtime Environment"/>
    <property name="sun.boot.library.path" value="C:\Program Files\Java\jdk1.8.0_172\jre\bin"/>
    <property name="java.vm.version" value="25.172-b11"/>
    <property name="java.vm.vendor" value="Oracle Corporation"/>
    <property name="maven.multiModuleProjectDirectory" value="D:\EigeneDateien\Entwicklung.Clones\jms-master\jms-activemq-point-to-point"/>
    <property name="java.vendor.url" value="http://java.oracle.com/"/>
    <property name="path.separator" value=";"/>
    <property name="guice.disable.misplaced.annotation.check" value="true"/>
    <property name="java.vm.name" value="Java HotSpot(TM) 64-Bit Server VM"/>
    <property name="file.encoding.pkg" value="sun.io"/>
    <property name="user.script" value=""/>
    <property name="user.country" value="DE"/>
    <property name="sun.java.launcher" value="SUN_STANDARD"/>
    <property name="sun.os.patch.level" value=""/>
    <property name="java.vm.specification.name" value="Java Virtual Machine Specification"/>
    <property name="user.dir" value="D:\EigeneDateien\Entwicklung.Clones\jms-master\jms-activemq-point-to-point"/>
    <property name="java.runtime.version" value="1.8.0_172-b11"/>
    <property name="java.awt.graphicsenv" value="sun.awt.Win32GraphicsEnvironment"/>
    <property name="java.endorsed.dirs" value="C:\Program Files\Java\jdk1.8.0_172\jre\lib\endorsed"/>
    <property name="os.arch" value="amd64"/>
    <property name="java.io.tmpdir" value="C:\Users\JRGLAN~1\AppData\Local\Temp\"/>
    <property name="line.separator" value="
"/>
    <property name="java.vm.specification.vendor" value="Oracle Corporation"/>
    <property name="user.variant" value=""/>
    <property name="os.name" value="Windows 10"/>
    <property name="classworlds.conf" value="C:\Users\Jörg Lanser\eclipse-workspace\.metadata\.plugins\org.eclipse.m2e.launching\launches\m2conf856009968872658029.tmp"/>
    <property name="sun.jnu.encoding" value="Cp1252"/>
    <property name="java.library.path" value="C:\Program Files\Java\jdk1.8.0_172\bin;C:\WINDOWS\Sun\Java\bin;C:\WINDOWS\system32;C:\WINDOWS;C:/Program Files/Java/jdk1.8.0_172/bin/../jre/bin/server;C:/Program Files/Java/jdk1.8.0_172/bin/../jre/bin;C:/Program Files/Java/jdk1.8.0_172/bin/../jre/lib/amd64;C:\Program Files (x86)\Microsoft Visual Studio\2017\Community\MSBuild\15.0\Bin;C:\Program Files (x86)\NVIDIA Corporation\PhysX\Common;C:\WINDOWS\system32;C:\WINDOWS;C:\WINDOWS\System32\Wbem;C:\WINDOWS\System32\WindowsPowerShell\v1.0;C:\Tools\SysInternals;C:\Tools\LansiTools\SingleTools.I\x64\Release;C:\Tools\LansiTools\SingleTools.I\Release;C:\Tools\LansiTools\SingleTools.II\x64\Release;C:\Tools\LansiTools\SingleTools.II\Release;C:\Tools\LansiTools\Miscellaneous;C:\Tools\LansiTools\Scripts;C:\Windows\Microsoft.NET\Framework64\v4.0.30319;C:\Program Files (x86)\MiKTeX 2.9\miktex\bin;C:\Tools\LansiTools\LGet;C:\Program Files\Git\cmd;C:\Program Files\dotnet;C:\Program Files (x86)\GtkSharp\2.12\bin;C:\Program Files\gnuplot\bin;C:\Program Files (x86)\Microsoft SQL Server\140\DTS\Binn;C:\Program Files\Microsoft SQL Server\Client SDK\ODBC\130\Tools\Binn;C:\Program Files (x86)\Microsoft SQL Server\Client SDK\ODBC\130\Tools\Binn;C:\Program Files (x86)\Microsoft SQL Server\140\Tools\Binn;C:\Program Files (x86)\Microsoft SQL Server\140\Tools\Binn\ManagementStudio;C:\Tools\Extensions\csharp\nant-0.92\bin;C:\WINDOWS\system32;C:\WINDOWS;C:\WINDOWS\System32\Wbem;C:\WINDOWS\System32\WindowsPowerShell\v1.0\;C:\WINDOWS\System32\OpenSSH\;C:\Program Files\dotnet\;C:\Program Files\Microsoft VS Code\bin;C:\Program Files (x86)\Microsoft SQL Server\Client SDK\ODBC\130\Tools\Binn\;C:\Program Files (x86)\Microsoft SQL Server\140\Tools\Binn\;C:\Program Files (x86)\Microsoft SQL Server\140\DTS\Binn\;C:\Program Files (x86)\Microsoft SQL Server\140\Tools\Binn\ManagementStudio\;C:\Program Files (x86)\nodejs\;C:\Program Files\Microsoft SQL Server\Client SDK\ODBC\170\Tools\Binn\;C:\Program Files\Microsoft SQL Server\130\Tools\Binn\;C:\Program Files (x86)\Microsoft SQL Server\130\DTS\Binn\;C:\Program Files\Microsoft SQL Server\130\DTS\Binn\;C:\Program Files\Microsoft SQL Server\Client SDK\ODBC\130\Tools\Binn\;C:\Anaconda3;C:\Anaconda3\Library\mingw-w64\bin;C:\Anaconda3\Library\usr\bin;C:\Anaconda3\Library\bin;C:\Anaconda3\Scripts;C:\Program Files (x86)\Microsoft SDKs\Windows\v8.0A\bin\NETFX 4.0 Tools\x64;C:\Program Files (x86)\Microsoft SDKs\Windows\v8.0A\bin\NETFX 4.0 Tools;C:\Tools\Extensions\java\apache-ant-1.8.2\bin;C:\Ruby22-x64\bin;C:\cygwin64\bin;C:\Tools\LansiTools\mmdc;C:\Tools\LansiTools\SQLAdmin;C:\Tools\LansiTools\MP3Tools;C:\Users\Jörg Lanser\AppData\Local\Microsoft\WindowsApps;C:\Program Files\Java\jdk-12.0.1;C:\Program Files\Java\jdk-12.0.1\bin;C:\Program Files\Microsoft VS Code\bin;C:\Users\Jörg Lanser\AppData\Local\GitHubDesktop\bin;C:\Qt\Qt5.11.1\5.11.1\winrt_x64_msvc2017\bin;C:\Users\Jörg Lanser\AppData\Roaming\npm;C:\Users\Jörg Lanser\AppData\Local\atom\bin;C:\Users\Jörg Lanser\.dotnet\tools;C:\Tools\LansiTools\LansiTerminalOutput;;%USERPROFILE%\AppData\Local\Microsoft\WindowsApps;C:\Users\Jörg Lanser\Desktop;;."/>
    <property name="java.specification.name" value="Java Platform API Specification"/>
    <property name="java.class.version" value="52.0"/>
    <property name="sun.management.compiler" value="HotSpot 64-Bit Tiered Compilers"/>
    <property name="os.version" value="10.0"/>
    <property name="user.home" value="C:\Users\Jörg Lanser"/>
    <property name="user.timezone" value="Europe/Berlin"/>
    <property name="java.awt.printerjob" value="sun.awt.windows.WPrinterJob"/>
    <property name="java.specification.version" value="1.8"/>
    <property name="file.encoding" value="Cp1252"/>
    <property name="user.name" value="Jörg Lanser Lokal"/>
    <property name="java.class.path" value="C:\Users\Jörg Lanser\.p2\pool\plugins\org.eclipse.m2e.maven.runtime_1.12.0.20190529-1915\jars\plexus-classworlds-2.6.0.jar"/>
    <property name="java.vm.specification.version" value="1.8"/>
    <property name="sun.arch.data.model" value="64"/>
    <property name="java.home" value="C:\Program Files\Java\jdk1.8.0_172\jre"/>
    <property name="sun.java.command" value="org.codehaus.plexus.classworlds.launcher.Launcher -B test"/>
    <property name="java.specification.vendor" value="Oracle Corporation"/>
    <property name="user.language" value="de"/>
    <property name="awt.toolkit" value="sun.awt.windows.WToolkit"/>
    <property name="java.vm.info" value="mixed mode"/>
    <property name="java.version" value="1.8.0_172"/>
    <property name="java.ext.dirs" value="C:\Program Files\Java\jdk1.8.0_172\jre\lib\ext;C:\WINDOWS\Sun\Java\lib\ext"/>
    <property name="sun.boot.class.path" value="C:\Program Files\Java\jdk1.8.0_172\jre\lib\resources.jar;C:\Program Files\Java\jdk1.8.0_172\jre\lib\rt.jar;C:\Program Files\Java\jdk1.8.0_172\jre\lib\sunrsasign.jar;C:\Program Files\Java\jdk1.8.0_172\jre\lib\jsse.jar;C:\Program Files\Java\jdk1.8.0_172\jre\lib\jce.jar;C:\Program Files\Java\jdk1.8.0_172\jre\lib\charsets.jar;C:\Program Files\Java\jdk1.8.0_172\jre\lib\jfr.jar;C:\Program Files\Java\jdk1.8.0_172\jre\classes"/>
    <property name="java.vendor" value="Oracle Corporation"/>
    <property name="maven.home" value="D:\EigeneDateien\Entwicklung.Clones\jms-master\jms-activemq-point-to-point\EMBEDDED"/>
    <property name="file.separator" value="\"/>
    <property name="java.vendor.url.bug" value="http://bugreport.sun.com/bugreport/"/>
    <property name="sun.cpu.endian" value="little"/>
    <property name="sun.io.unicode.encoding" value="UnicodeLittle"/>
    <property name="sun.desktop" value="windows"/>
    <property name="sun.cpu.isalist" value="amd64"/>
  </properties>
  <testcase classname="com.codenotfound.jms.ptp.ConsumerTest" name="testOnlyOneConsumer" time="2.048"/>
  <testcase classname="com.codenotfound.jms.ptp.ConsumerTest" name="testNoTimingDependencies" time="0.049"/>
  <testcase classname="com.codenotfound.jms.ptp.ConsumerTest" name="testAcknowledgeProcessing" time="0.03"/>
  <testcase classname="com.codenotfound.jms.ptp.ConsumerTest" name="testGetGreeting" time="0.027"/>
</testsuite>